{"C:\\Users\\tanne\\Gauntlet\\SocraTeach\\client\\src\\AuthContext.tsx": {"path":"C:\\Users\\tanne\\Gauntlet\\SocraTeach\\client\\src\\AuthContext.tsx","statementMap":{"0":{"start":{"line":18,"column":6},"end":{"line":18,"column":null}},"1":{"start":{"line":21,"column":22},"end":{"line":21,"column":null}},"2":{"start":{"line":22,"column":28},"end":{"line":22,"column":null}},"3":{"start":{"line":24,"column":2},"end":{"line":35,"column":null}},"4":{"start":{"line":26,"column":18},"end":{"line":26,"column":null}},"5":{"start":{"line":27,"column":4},"end":{"line":34,"column":null}},"6":{"start":{"line":28,"column":6},"end":{"line":31,"column":null}},"7":{"start":{"line":29,"column":21},"end":{"line":29,"column":43}},"8":{"start":{"line":30,"column":21},"end":{"line":30,"column":53}},"9":{"start":{"line":31,"column":23},"end":{"line":31,"column":40}},"10":{"start":{"line":33,"column":6},"end":{"line":33,"column":null}},"11":{"start":{"line":37,"column":16},"end":{"line":41,"column":null}},"12":{"start":{"line":38,"column":21},"end":{"line":38,"column":null}},"13":{"start":{"line":39,"column":4},"end":{"line":39,"column":null}},"14":{"start":{"line":40,"column":4},"end":{"line":40,"column":null}},"15":{"start":{"line":43,"column":17},"end":{"line":46,"column":null}},"16":{"start":{"line":44,"column":4},"end":{"line":44,"column":null}},"17":{"start":{"line":45,"column":4},"end":{"line":45,"column":null}},"18":{"start":{"line":48,"column":2},"end":{"line":51,"column":null}},"19":{"start":{"line":56,"column":8},"end":{"line":56,"column":null}},"20":{"start":{"line":57,"column":2},"end":{"line":57,"column":null}},"21":{"start":{"line":57,"column":16},"end":{"line":57,"column":null}},"22":{"start":{"line":58,"column":2},"end":{"line":58,"column":null}}},"fnMap":{"0":{"name":"AuthProvider","decl":{"start":{"line":20,"column":16},"end":{"line":20,"column":29}},"loc":{"start":{"line":20,"column":68},"end":{"line":53,"column":null}},"line":20},"1":{"name":"(anonymous_1)","decl":{"start":{"line":24,"column":12},"end":{"line":24,"column":18}},"loc":{"start":{"line":24,"column":18},"end":{"line":35,"column":5}},"line":24},"2":{"name":"(anonymous_2)","decl":{"start":{"line":29,"column":14},"end":{"line":29,"column":21}},"loc":{"start":{"line":29,"column":21},"end":{"line":29,"column":43}},"line":29},"3":{"name":"(anonymous_3)","decl":{"start":{"line":30,"column":15},"end":{"line":30,"column":21}},"loc":{"start":{"line":30,"column":21},"end":{"line":30,"column":53}},"line":30},"4":{"name":"(anonymous_4)","decl":{"start":{"line":31,"column":17},"end":{"line":31,"column":23}},"loc":{"start":{"line":31,"column":23},"end":{"line":31,"column":40}},"line":31},"5":{"name":"(anonymous_5)","decl":{"start":{"line":37,"column":16},"end":{"line":37,"column":23}},"loc":{"start":{"line":37,"column":59},"end":{"line":41,"column":null}},"line":37},"6":{"name":"(anonymous_6)","decl":{"start":{"line":43,"column":17},"end":{"line":43,"column":23}},"loc":{"start":{"line":43,"column":23},"end":{"line":46,"column":null}},"line":43},"7":{"name":"useAuth","decl":{"start":{"line":55,"column":16},"end":{"line":55,"column":26}},"loc":{"start":{"line":55,"column":26},"end":{"line":59,"column":null}},"line":55}},"branchMap":{"0":{"loc":{"start":{"line":27,"column":4},"end":{"line":34,"column":null}},"type":"if","locations":[{"start":{"line":27,"column":4},"end":{"line":34,"column":null}},{"start":{"line":32,"column":11},"end":{"line":34,"column":null}}],"line":27},"1":{"loc":{"start":{"line":57,"column":2},"end":{"line":57,"column":null}},"type":"if","locations":[{"start":{"line":57,"column":2},"end":{"line":57,"column":null}},{"start":{},"end":{}}],"line":57}},"s":{"0":4,"1":64,"2":64,"3":64,"4":30,"5":30,"6":3,"7":2,"8":1,"9":3,"10":27,"11":64,"12":6,"13":3,"14":3,"15":64,"16":3,"17":3,"18":64,"19":149,"20":149,"21":2,"22":147},"f":{"0":64,"1":30,"2":2,"3":1,"4":3,"5":6,"6":3,"7":149},"b":{"0":[3,27],"1":[2,147]},"meta":{"lastBranch":2,"lastFunction":8,"lastStatement":23,"seen":{"s:18:6:18:Infinity":0,"f:20:16:20:29":0,"s:21:22:21:Infinity":1,"s:22:28:22:Infinity":2,"s:24:2:35:Infinity":3,"f:24:12:24:18":1,"s:26:18:26:Infinity":4,"b:27:4:34:Infinity:32:11:34:Infinity":0,"s:27:4:34:Infinity":5,"s:28:6:31:Infinity":6,"f:29:14:29:21":2,"s:29:21:29:43":7,"f:30:15:30:21":3,"s:30:21:30:53":8,"f:31:17:31:23":4,"s:31:23:31:40":9,"s:33:6:33:Infinity":10,"s:37:16:41:Infinity":11,"f:37:16:37:23":5,"s:38:21:38:Infinity":12,"s:39:4:39:Infinity":13,"s:40:4:40:Infinity":14,"s:43:17:46:Infinity":15,"f:43:17:43:23":6,"s:44:4:44:Infinity":16,"s:45:4:45:Infinity":17,"s:48:2:51:Infinity":18,"f:55:16:55:26":7,"s:56:8:56:Infinity":19,"b:57:2:57:Infinity:undefined:undefined:undefined:undefined":1,"s:57:2:57:Infinity":20,"s:57:16:57:Infinity":21,"s:58:2:58:Infinity":22}}}
,"C:\\Users\\tanne\\Gauntlet\\SocraTeach\\client\\src\\api.ts": {"path":"C:\\Users\\tanne\\Gauntlet\\SocraTeach\\client\\src\\api.ts","statementMap":{"0":{"start":{"line":3,"column":12},"end":{"line":6,"column":null}},"1":{"start":{"line":9,"column":0},"end":{"line":15,"column":null}},"2":{"start":{"line":10,"column":16},"end":{"line":10,"column":null}},"3":{"start":{"line":11,"column":2},"end":{"line":13,"column":null}},"4":{"start":{"line":12,"column":4},"end":{"line":12,"column":null}},"5":{"start":{"line":14,"column":2},"end":{"line":14,"column":null}}},"fnMap":{"0":{"name":"(anonymous_0)","decl":{"start":{"line":9,"column":29},"end":{"line":9,"column":30}},"loc":{"start":{"line":9,"column":41},"end":{"line":15,"column":1}},"line":9}},"branchMap":{"0":{"loc":{"start":{"line":11,"column":2},"end":{"line":13,"column":null}},"type":"if","locations":[{"start":{"line":11,"column":2},"end":{"line":13,"column":null}},{"start":{},"end":{}}],"line":11}},"s":{"0":1,"1":1,"2":2,"3":2,"4":1,"5":2},"f":{"0":2},"b":{"0":[1,1]},"meta":{"lastBranch":1,"lastFunction":1,"lastStatement":6,"seen":{"s:3:12:6:Infinity":0,"s:9:0:15:Infinity":1,"f:9:29:9:30":0,"s:10:16:10:Infinity":2,"b:11:2:13:Infinity:undefined:undefined:undefined:undefined":0,"s:11:2:13:Infinity":3,"s:12:4:12:Infinity":4,"s:14:2:14:Infinity":5}}}
,"C:\\Users\\tanne\\Gauntlet\\SocraTeach\\client\\src\\pages\\Login.tsx": {"path":"C:\\Users\\tanne\\Gauntlet\\SocraTeach\\client\\src\\pages\\Login.tsx","statementMap":{"0":{"start":{"line":6,"column":16},"end":{"line":6,"column":null}},"1":{"start":{"line":7,"column":8},"end":{"line":7,"column":null}},"2":{"start":{"line":8,"column":24},"end":{"line":8,"column":null}},"3":{"start":{"line":9,"column":28},"end":{"line":9,"column":null}},"4":{"start":{"line":11,"column":23},"end":{"line":28,"column":null}},"5":{"start":{"line":12,"column":4},"end":{"line":12,"column":null}},"6":{"start":{"line":13,"column":4},"end":{"line":13,"column":null}},"7":{"start":{"line":14,"column":4},"end":{"line":14,"column":null}},"8":{"start":{"line":16,"column":21},"end":{"line":16,"column":null}},"9":{"start":{"line":17,"column":18},"end":{"line":17,"column":null}},"10":{"start":{"line":18,"column":21},"end":{"line":18,"column":null}},"11":{"start":{"line":20,"column":4},"end":{"line":27,"column":null}},"12":{"start":{"line":21,"column":6},"end":{"line":21,"column":null}},"13":{"start":{"line":22,"column":6},"end":{"line":22,"column":null}},"14":{"start":{"line":24,"column":6},"end":{"line":24,"column":null}},"15":{"start":{"line":26,"column":6},"end":{"line":26,"column":null}},"16":{"start":{"line":30,"column":2},"end":{"line":78,"column":null}}},"fnMap":{"0":{"name":"Login","decl":{"start":{"line":5,"column":24},"end":{"line":5,"column":32}},"loc":{"start":{"line":5,"column":32},"end":{"line":80,"column":null}},"line":5},"1":{"name":"(anonymous_1)","decl":{"start":{"line":11,"column":23},"end":{"line":11,"column":30}},"loc":{"start":{"line":11,"column":64},"end":{"line":28,"column":null}},"line":11}},"branchMap":{"0":{"loc":{"start":{"line":24,"column":15},"end":{"line":24,"column":60}},"type":"binary-expr","locations":[{"start":{"line":24,"column":15},"end":{"line":24,"column":46}},{"start":{"line":24,"column":46},"end":{"line":24,"column":60}}],"line":24},"1":{"loc":{"start":{"line":39,"column":11},"end":{"line":42,"column":null}},"type":"binary-expr","locations":[{"start":{"line":39,"column":11},"end":{"line":39,"column":null}},{"start":{"line":40,"column":12},"end":{"line":42,"column":null}}],"line":39},"2":{"loc":{"start":{"line":74,"column":13},"end":{"line":74,"column":null}},"type":"cond-expr","locations":[{"start":{"line":74,"column":23},"end":{"line":74,"column":41}},{"start":{"line":74,"column":41},"end":{"line":74,"column":null}}],"line":74}},"s":{"0":23,"1":23,"2":23,"3":23,"4":23,"5":5,"6":5,"7":5,"8":5,"9":5,"10":5,"11":5,"12":5,"13":2,"14":2,"15":4,"16":23},"f":{"0":23,"1":5},"b":{"0":[2,1],"1":[23,2],"2":[5,18]},"meta":{"lastBranch":3,"lastFunction":2,"lastStatement":17,"seen":{"f:5:24:5:32":0,"s:6:16:6:Infinity":0,"s:7:8:7:Infinity":1,"s:8:24:8:Infinity":2,"s:9:28:9:Infinity":3,"s:11:23:28:Infinity":4,"f:11:23:11:30":1,"s:12:4:12:Infinity":5,"s:13:4:13:Infinity":6,"s:14:4:14:Infinity":7,"s:16:21:16:Infinity":8,"s:17:18:17:Infinity":9,"s:18:21:18:Infinity":10,"s:20:4:27:Infinity":11,"s:21:6:21:Infinity":12,"s:22:6:22:Infinity":13,"s:24:6:24:Infinity":14,"b:24:15:24:46:24:46:24:60":0,"s:26:6:26:Infinity":15,"s:30:2:78:Infinity":16,"b:39:11:39:Infinity:40:12:42:Infinity":1,"b:74:23:74:41:74:41:74:Infinity":2}}}
,"C:\\Users\\tanne\\Gauntlet\\SocraTeach\\client\\src\\pages\\Problems.tsx": {"path":"C:\\Users\\tanne\\Gauntlet\\SocraTeach\\client\\src\\pages\\Problems.tsx","statementMap":{"0":{"start":{"line":18,"column":23},"end":{"line":18,"column":null}},"1":{"start":{"line":19,"column":30},"end":{"line":19,"column":null}},"2":{"start":{"line":20,"column":28},"end":{"line":20,"column":null}},"3":{"start":{"line":21,"column":24},"end":{"line":21,"column":null}},"4":{"start":{"line":23,"column":2},"end":{"line":28,"column":null}},"5":{"start":{"line":24,"column":4},"end":{"line":27,"column":null}},"6":{"start":{"line":25,"column":19},"end":{"line":25,"column":45}},"7":{"start":{"line":26,"column":20},"end":{"line":26,"column":86}},"8":{"start":{"line":27,"column":21},"end":{"line":27,"column":38}},"9":{"start":{"line":30,"column":2},"end":{"line":36,"column":null}},"10":{"start":{"line":31,"column":4},"end":{"line":34,"column":null}},"11":{"start":{"line":38,"column":2},"end":{"line":108,"column":null}},"12":{"start":{"line":75,"column":12},"end":{"line":104,"column":null}}},"fnMap":{"0":{"name":"Problems","decl":{"start":{"line":17,"column":24},"end":{"line":17,"column":35}},"loc":{"start":{"line":17,"column":35},"end":{"line":110,"column":null}},"line":17},"1":{"name":"(anonymous_1)","decl":{"start":{"line":23,"column":12},"end":{"line":23,"column":18}},"loc":{"start":{"line":23,"column":18},"end":{"line":28,"column":5}},"line":23},"2":{"name":"(anonymous_2)","decl":{"start":{"line":25,"column":12},"end":{"line":25,"column":19}},"loc":{"start":{"line":25,"column":19},"end":{"line":25,"column":45}},"line":25},"3":{"name":"(anonymous_3)","decl":{"start":{"line":26,"column":13},"end":{"line":26,"column":20}},"loc":{"start":{"line":26,"column":20},"end":{"line":26,"column":86}},"line":26},"4":{"name":"(anonymous_4)","decl":{"start":{"line":27,"column":15},"end":{"line":27,"column":21}},"loc":{"start":{"line":27,"column":21},"end":{"line":27,"column":38}},"line":27},"5":{"name":"(anonymous_5)","decl":{"start":{"line":74,"column":24},"end":{"line":74,"column":25}},"loc":{"start":{"line":75,"column":12},"end":{"line":104,"column":null}},"line":75}},"branchMap":{"0":{"loc":{"start":{"line":26,"column":29},"end":{"line":26,"column":85}},"type":"binary-expr","locations":[{"start":{"line":26,"column":29},"end":{"line":26,"column":60}},{"start":{"line":26,"column":60},"end":{"line":26,"column":85}}],"line":26},"1":{"loc":{"start":{"line":30,"column":2},"end":{"line":36,"column":null}},"type":"if","locations":[{"start":{"line":30,"column":2},"end":{"line":36,"column":null}},{"start":{},"end":{}}],"line":30},"2":{"loc":{"start":{"line":46,"column":15},"end":{"line":46,"column":null}},"type":"binary-expr","locations":[{"start":{"line":46,"column":15},"end":{"line":46,"column":29}},{"start":{"line":46,"column":29},"end":{"line":46,"column":null}}],"line":46},"3":{"loc":{"start":{"line":67,"column":9},"end":{"line":70,"column":null}},"type":"binary-expr","locations":[{"start":{"line":67,"column":9},"end":{"line":67,"column":null}},{"start":{"line":68,"column":10},"end":{"line":70,"column":null}}],"line":67}},"s":{"0":23,"1":23,"2":23,"3":23,"4":23,"5":8,"6":5,"7":2,"8":7,"9":23,"10":16,"11":7,"12":4},"f":{"0":23,"1":8,"2":5,"3":2,"4":7,"5":4},"b":{"0":[2,1],"1":[16,7],"2":[7,7],"3":[23,2]},"meta":{"lastBranch":4,"lastFunction":6,"lastStatement":13,"seen":{"f:17:24:17:35":0,"s:18:23:18:Infinity":0,"s:19:30:19:Infinity":1,"s:20:28:20:Infinity":2,"s:21:24:21:Infinity":3,"s:23:2:28:Infinity":4,"f:23:12:23:18":1,"s:24:4:27:Infinity":5,"f:25:12:25:19":2,"s:25:19:25:45":6,"f:26:13:26:20":3,"s:26:20:26:86":7,"b:26:29:26:60:26:60:26:85":0,"f:27:15:27:21":4,"s:27:21:27:38":8,"b:30:2:36:Infinity:undefined:undefined:undefined:undefined":1,"s:30:2:36:Infinity":9,"s:31:4:34:Infinity":10,"s:38:2:108:Infinity":11,"b:46:15:46:29:46:29:46:Infinity":2,"b:67:9:67:Infinity:68:10:70:Infinity":3,"f:74:24:74:25":5,"s:75:12:104:Infinity":12}}}
,"C:\\Users\\tanne\\Gauntlet\\SocraTeach\\client\\src\\pages\\Session.tsx": {"path":"C:\\Users\\tanne\\Gauntlet\\SocraTeach\\client\\src\\pages\\Session.tsx","statementMap":{"0":{"start":{"line":13,"column":13},"end":{"line":13,"column":null}},"1":{"start":{"line":14,"column":8},"end":{"line":14,"column":null}},"2":{"start":{"line":15,"column":17},"end":{"line":15,"column":null}},"3":{"start":{"line":16,"column":28},"end":{"line":16,"column":null}},"4":{"start":{"line":17,"column":32},"end":{"line":17,"column":null}},"5":{"start":{"line":18,"column":30},"end":{"line":18,"column":null}},"6":{"start":{"line":19,"column":24},"end":{"line":19,"column":null}},"7":{"start":{"line":20,"column":28},"end":{"line":20,"column":null}},"8":{"start":{"line":21,"column":8},"end":{"line":21,"column":null}},"9":{"start":{"line":23,"column":2},"end":{"line":45,"column":null}},"10":{"start":{"line":25,"column":4},"end":{"line":44,"column":null}},"11":{"start":{"line":26,"column":26},"end":{"line":26,"column":null}},"12":{"start":{"line":27,"column":6},"end":{"line":27,"column":null}},"13":{"start":{"line":30,"column":6},"end":{"line":35,"column":null}},"14":{"start":{"line":37,"column":6},"end":{"line":37,"column":null}},"15":{"start":{"line":39,"column":6},"end":{"line":43,"column":null}},"16":{"start":{"line":47,"column":2},"end":{"line":51,"column":null}},"17":{"start":{"line":48,"column":4},"end":{"line":50,"column":null}},"18":{"start":{"line":49,"column":6},"end":{"line":49,"column":null}},"19":{"start":{"line":53,"column":22},"end":{"line":85,"column":null}},"20":{"start":{"line":54,"column":4},"end":{"line":54,"column":null}},"21":{"start":{"line":54,"column":37},"end":{"line":54,"column":null}},"22":{"start":{"line":56,"column":33},"end":{"line":60,"column":null}},"23":{"start":{"line":62,"column":4},"end":{"line":62,"column":null}},"24":{"start":{"line":62,"column":24},"end":{"line":62,"column":46}},"25":{"start":{"line":63,"column":4},"end":{"line":63,"column":null}},"26":{"start":{"line":64,"column":4},"end":{"line":64,"column":null}},"27":{"start":{"line":66,"column":4},"end":{"line":84,"column":null}},"28":{"start":{"line":68,"column":23},"end":{"line":71,"column":null}},"29":{"start":{"line":75,"column":6},"end":{"line":79,"column":null}},"30":{"start":{"line":75,"column":26},"end":{"line":79,"column":8}},"31":{"start":{"line":81,"column":6},"end":{"line":81,"column":null}},"32":{"start":{"line":83,"column":6},"end":{"line":83,"column":null}},"33":{"start":{"line":87,"column":2},"end":{"line":93,"column":null}},"34":{"start":{"line":88,"column":4},"end":{"line":91,"column":null}},"35":{"start":{"line":95,"column":2},"end":{"line":166,"column":null}},"36":{"start":{"line":102,"column":29},"end":{"line":102,"column":null}},"37":{"start":{"line":121,"column":10},"end":{"line":134,"column":null}},"38":{"start":{"line":151,"column":29},"end":{"line":151,"column":null}},"39":{"start":{"line":152,"column":30},"end":{"line":152,"column":null}}},"fnMap":{"0":{"name":"Session","decl":{"start":{"line":12,"column":24},"end":{"line":12,"column":34}},"loc":{"start":{"line":12,"column":34},"end":{"line":168,"column":null}},"line":12},"1":{"name":"(anonymous_1)","decl":{"start":{"line":23,"column":12},"end":{"line":23,"column":18}},"loc":{"start":{"line":23,"column":18},"end":{"line":45,"column":5}},"line":23},"2":{"name":"(anonymous_2)","decl":{"start":{"line":25,"column":36},"end":{"line":25,"column":43}},"loc":{"start":{"line":25,"column":43},"end":{"line":36,"column":5}},"line":25},"3":{"name":"(anonymous_3)","decl":{"start":{"line":36,"column":12},"end":{"line":36,"column":19}},"loc":{"start":{"line":36,"column":19},"end":{"line":44,"column":5}},"line":36},"4":{"name":"(anonymous_4)","decl":{"start":{"line":47,"column":12},"end":{"line":47,"column":18}},"loc":{"start":{"line":47,"column":18},"end":{"line":51,"column":5}},"line":47},"5":{"name":"(anonymous_5)","decl":{"start":{"line":53,"column":22},"end":{"line":53,"column":34}},"loc":{"start":{"line":53,"column":34},"end":{"line":85,"column":null}},"line":53},"6":{"name":"(anonymous_6)","decl":{"start":{"line":62,"column":16},"end":{"line":62,"column":24}},"loc":{"start":{"line":62,"column":24},"end":{"line":62,"column":46}},"line":62},"7":{"name":"(anonymous_7)","decl":{"start":{"line":75,"column":18},"end":{"line":75,"column":26}},"loc":{"start":{"line":75,"column":26},"end":{"line":79,"column":8}},"line":75},"8":{"name":"(anonymous_8)","decl":{"start":{"line":102,"column":23},"end":{"line":102,"column":29}},"loc":{"start":{"line":102,"column":29},"end":{"line":102,"column":null}},"line":102},"9":{"name":"(anonymous_9)","decl":{"start":{"line":120,"column":22},"end":{"line":120,"column":23}},"loc":{"start":{"line":121,"column":10},"end":{"line":134,"column":null}},"line":121},"10":{"name":"(anonymous_10)","decl":{"start":{"line":151,"column":22},"end":{"line":151,"column":23}},"loc":{"start":{"line":151,"column":29},"end":{"line":151,"column":null}},"line":151},"11":{"name":"(anonymous_11)","decl":{"start":{"line":152,"column":23},"end":{"line":152,"column":24}},"loc":{"start":{"line":152,"column":30},"end":{"line":152,"column":null}},"line":152}},"branchMap":{"0":{"loc":{"start":{"line":48,"column":4},"end":{"line":50,"column":null}},"type":"if","locations":[{"start":{"line":48,"column":4},"end":{"line":50,"column":null}},{"start":{},"end":{}}],"line":48},"1":{"loc":{"start":{"line":48,"column":8},"end":{"line":48,"column":95}},"type":"binary-expr","locations":[{"start":{"line":48,"column":8},"end":{"line":48,"column":34}},{"start":{"line":48,"column":34},"end":{"line":48,"column":95}}],"line":48},"2":{"loc":{"start":{"line":54,"column":4},"end":{"line":54,"column":null}},"type":"if","locations":[{"start":{"line":54,"column":4},"end":{"line":54,"column":null}},{"start":{},"end":{}}],"line":54},"3":{"loc":{"start":{"line":54,"column":8},"end":{"line":54,"column":37}},"type":"binary-expr","locations":[{"start":{"line":54,"column":8},"end":{"line":54,"column":25}},{"start":{"line":54,"column":25},"end":{"line":54,"column":37}}],"line":54},"4":{"loc":{"start":{"line":87,"column":2},"end":{"line":93,"column":null}},"type":"if","locations":[{"start":{"line":87,"column":2},"end":{"line":93,"column":null}},{"start":{},"end":{}}],"line":87},"5":{"loc":{"start":{"line":123,"column":31},"end":{"line":123,"column":84}},"type":"cond-expr","locations":[{"start":{"line":123,"column":53},"end":{"line":123,"column":69}},{"start":{"line":123,"column":69},"end":{"line":123,"column":84}}],"line":123},"6":{"loc":{"start":{"line":127,"column":16},"end":{"line":129,"column":null}},"type":"cond-expr","locations":[{"start":{"line":128,"column":20},"end":{"line":128,"column":null}},{"start":{"line":129,"column":20},"end":{"line":129,"column":null}}],"line":127},"7":{"loc":{"start":{"line":136,"column":9},"end":{"line":141,"column":null}},"type":"binary-expr","locations":[{"start":{"line":136,"column":9},"end":{"line":136,"column":null}},{"start":{"line":137,"column":10},"end":{"line":141,"column":null}}],"line":136},"8":{"loc":{"start":{"line":152,"column":30},"end":{"line":152,"column":null}},"type":"binary-expr","locations":[{"start":{"line":152,"column":30},"end":{"line":152,"column":51}},{"start":{"line":152,"column":51},"end":{"line":152,"column":66}},{"start":{"line":152,"column":66},"end":{"line":152,"column":null}}],"line":152},"9":{"loc":{"start":{"line":159,"column":22},"end":{"line":159,"column":null}},"type":"binary-expr","locations":[{"start":{"line":159,"column":22},"end":{"line":159,"column":33}},{"start":{"line":159,"column":33},"end":{"line":159,"column":null}}],"line":159}},"s":{"0":89,"1":89,"2":89,"3":89,"4":89,"5":89,"6":89,"7":89,"8":89,"9":89,"10":10,"11":9,"12":9,"13":9,"14":9,"15":9,"16":89,"17":25,"18":0,"19":89,"20":4,"21":0,"22":4,"23":4,"24":4,"25":4,"26":4,"27":4,"28":4,"29":4,"30":2,"31":2,"32":4,"33":89,"34":20,"35":69,"36":1,"37":77,"38":54,"39":55},"f":{"0":89,"1":10,"2":9,"3":9,"4":25,"5":4,"6":4,"7":2,"8":1,"9":77,"10":54,"11":55},"b":{"0":[0,25],"1":[25,15],"2":[0,4],"3":[4,4],"4":[20,69],"5":[6,71],"6":[6,71],"7":[69,4],"8":[55,1,1],"9":[89,65]},"meta":{"lastBranch":10,"lastFunction":12,"lastStatement":40,"seen":{"f:12:24:12:34":0,"s:13:13:13:Infinity":0,"s:14:8:14:Infinity":1,"s:15:17:15:Infinity":2,"s:16:28:16:Infinity":3,"s:17:32:17:Infinity":4,"s:18:30:18:Infinity":5,"s:19:24:19:Infinity":6,"s:20:28:20:Infinity":7,"s:21:8:21:Infinity":8,"s:23:2:45:Infinity":9,"f:23:12:23:18":1,"s:25:4:44:Infinity":10,"f:25:36:25:43":2,"s:26:26:26:Infinity":11,"s:27:6:27:Infinity":12,"s:30:6:35:Infinity":13,"f:36:12:36:19":3,"s:37:6:37:Infinity":14,"s:39:6:43:Infinity":15,"s:47:2:51:Infinity":16,"f:47:12:47:18":4,"b:48:4:50:Infinity:undefined:undefined:undefined:undefined":0,"s:48:4:50:Infinity":17,"b:48:8:48:34:48:34:48:95":1,"s:49:6:49:Infinity":18,"s:53:22:85:Infinity":19,"f:53:22:53:34":5,"b:54:4:54:Infinity:undefined:undefined:undefined:undefined":2,"s:54:4:54:Infinity":20,"b:54:8:54:25:54:25:54:37":3,"s:54:37:54:Infinity":21,"s:56:33:60:Infinity":22,"s:62:4:62:Infinity":23,"f:62:16:62:24":6,"s:62:24:62:46":24,"s:63:4:63:Infinity":25,"s:64:4:64:Infinity":26,"s:66:4:84:Infinity":27,"s:68:23:71:Infinity":28,"s:75:6:79:Infinity":29,"f:75:18:75:26":7,"s:75:26:79:8":30,"s:81:6:81:Infinity":31,"s:83:6:83:Infinity":32,"b:87:2:93:Infinity:undefined:undefined:undefined:undefined":4,"s:87:2:93:Infinity":33,"s:88:4:91:Infinity":34,"s:95:2:166:Infinity":35,"f:102:23:102:29":8,"s:102:29:102:Infinity":36,"f:120:22:120:23":9,"s:121:10:134:Infinity":37,"b:123:53:123:69:123:69:123:84":5,"b:128:20:128:Infinity:129:20:129:Infinity":6,"b:136:9:136:Infinity:137:10:141:Infinity":7,"f:151:22:151:23":10,"s:151:29:151:Infinity":38,"f:152:23:152:24":11,"s:152:30:152:Infinity":39,"b:152:30:152:51:152:51:152:66:152:66:152:Infinity":8,"b:159:22:159:33:159:33:159:Infinity":9}}}
,"C:\\Users\\tanne\\Gauntlet\\SocraTeach\\client\\src\\test\\utils.tsx": {"path":"C:\\Users\\tanne\\Gauntlet\\SocraTeach\\client\\src\\test\\utils.tsx","statementMap":{"0":{"start":{"line":6,"column":2},"end":{"line":12,"column":null}},"1":{"start":{"line":15,"column":24},"end":{"line":20,"column":null}},"2":{"start":{"line":22,"column":27},"end":{"line":36,"column":null}},"3":{"start":{"line":38,"column":27},"end":{"line":50,"column":null}}},"fnMap":{"0":{"name":"renderWithProviders","decl":{"start":{"line":5,"column":16},"end":{"line":5,"column":36}},"loc":{"start":{"line":5,"column":60},"end":{"line":13,"column":null}},"line":5}},"branchMap":{},"s":{"0":25,"1":4,"2":4,"3":4},"f":{"0":25},"b":{},"meta":{"lastBranch":0,"lastFunction":1,"lastStatement":4,"seen":{"f:5:16:5:36":0,"s:6:2:12:Infinity":0,"s:15:24:20:Infinity":1,"s:22:27:36:Infinity":2,"s:38:27:50:Infinity":3}}}
}
